<?xml version="1.0" encoding="UTF-8"?>
<!-- Generated by org.testng.reporters.JUnitXMLReporter -->
<testsuite ignored="0" hostname="WorkPC" failures="0" tests="7" name="Test" time="119.571" errors="0" timestamp="2024-09-10T23:33:06 IST">
  <testcase classname="com.crm.qa.testdata.LoginPageTest" name="loginTest" time="8.036"/>
  <testcase classname="com.crm.qa.testdata.HomePageTest" name="verifyHomePageTitle" time="0.026"/>
  <testcase classname="com.crm.qa.testdata.HomePageTest" name="verifyUserName" time="2.209"/>
  <testcase classname="com.crm.qa.testdata.HomePageTest" name="verifyContactPageTest" time="2.062"/>
  <testcase classname="com.crm.qa.testdata.ContactPageTest" name="verifyEnterFirstName" time="0.273"/>
  <testcase classname="com.crm.qa.testdata.ContactPageTest" name="verifyEnterLastName" time="0.47"/>
  <testcase classname="com.crm.qa.testdata.ContactPageTest" name="verifyPhoneField" time="0.171"/>
</testsuite> <!-- Test -->
