<?xml version="1.0" encoding="UTF-8"?>
<testng-results ignored="0" total="7" passed="7" failed="0" skipped="0">
  <reporter-output>
  </reporter-output>
  <suite started-at="2024-09-11T17:46:50 IST" name="Free CRM Application Test Automation" finished-at="2024-09-11T17:48:35 IST" duration-ms="104742">
    <groups>
    </groups>
    <test started-at="2024-09-11T17:46:50 IST" name="Test" finished-at="2024-09-11T17:48:35 IST" duration-ms="104742">
      <class name="com.crm.qa.testdata.HomePageTest">
        <test-method is-config="true" signature="setUp()[pri:0, instance:com.crm.qa.testdata.HomePageTest@72a7c7e0]" started-at="2024-09-11T17:47:11 IST" name="setUp" finished-at="2024-09-11T17:47:20 IST" duration-ms="9069" status="PASS">
          <reporter-output>
          </reporter-output>
        </test-method> <!-- setUp -->
        <test-method signature="verifyHomePageTitle()[pri:1, instance:com.crm.qa.testdata.HomePageTest@72a7c7e0]" started-at="2024-09-11T17:47:20 IST" name="verifyHomePageTitle" finished-at="2024-09-11T17:47:20 IST" duration-ms="7" status="PASS">
          <reporter-output>
          </reporter-output>
        </test-method> <!-- verifyHomePageTitle -->
        <test-method is-config="true" signature="tearDown()[pri:0, instance:com.crm.qa.testdata.HomePageTest@72a7c7e0]" started-at="2024-09-11T17:47:20 IST" name="tearDown" finished-at="2024-09-11T17:47:20 IST" duration-ms="202" status="PASS">
          <reporter-output>
          </reporter-output>
        </test-method> <!-- tearDown -->
        <test-method is-config="true" signature="setUp()[pri:0, instance:com.crm.qa.testdata.HomePageTest@72a7c7e0]" started-at="2024-09-11T17:47:20 IST" name="setUp" finished-at="2024-09-11T17:47:38 IST" duration-ms="17815" status="PASS">
          <reporter-output>
          </reporter-output>
        </test-method> <!-- setUp -->
        <test-method signature="verifyUserName()[pri:2, instance:com.crm.qa.testdata.HomePageTest@72a7c7e0]" started-at="2024-09-11T17:47:38 IST" name="verifyUserName" finished-at="2024-09-11T17:47:40 IST" duration-ms="2072" status="PASS">
          <reporter-output>
          </reporter-output>
        </test-method> <!-- verifyUserName -->
        <test-method is-config="true" signature="tearDown()[pri:0, instance:com.crm.qa.testdata.HomePageTest@72a7c7e0]" started-at="2024-09-11T17:47:40 IST" name="tearDown" finished-at="2024-09-11T17:47:40 IST" duration-ms="190" status="PASS">
          <reporter-output>
          </reporter-output>
        </test-method> <!-- tearDown -->
        <test-method is-config="true" signature="setUp()[pri:0, instance:com.crm.qa.testdata.HomePageTest@72a7c7e0]" started-at="2024-09-11T17:47:40 IST" name="setUp" finished-at="2024-09-11T17:47:57 IST" duration-ms="16812" status="PASS">
          <reporter-output>
          </reporter-output>
        </test-method> <!-- setUp -->
        <test-method signature="verifyContactPageTest()[pri:3, instance:com.crm.qa.testdata.HomePageTest@72a7c7e0]" started-at="2024-09-11T17:47:57 IST" name="verifyContactPageTest" finished-at="2024-09-11T17:47:59 IST" duration-ms="2033" status="PASS">
          <reporter-output>
          </reporter-output>
        </test-method> <!-- verifyContactPageTest -->
        <test-method is-config="true" signature="tearDown()[pri:0, instance:com.crm.qa.testdata.HomePageTest@72a7c7e0]" started-at="2024-09-11T17:47:59 IST" name="tearDown" finished-at="2024-09-11T17:47:59 IST" duration-ms="188" status="PASS">
          <reporter-output>
          </reporter-output>
        </test-method> <!-- tearDown -->
      </class> <!-- com.crm.qa.testdata.HomePageTest -->
      <class name="com.crm.qa.testdata.LoginPageTest">
        <test-method is-config="true" signature="setUp()[pri:0, instance:com.crm.qa.testdata.LoginPageTest@7adda9cc]" started-at="2024-09-11T17:46:51 IST" name="setUp" finished-at="2024-09-11T17:47:03 IST" duration-ms="12354" status="PASS">
          <reporter-output>
          </reporter-output>
        </test-method> <!-- setUp -->
        <test-method signature="loginTest()[pri:0, instance:com.crm.qa.testdata.LoginPageTest@7adda9cc]" started-at="2024-09-11T17:47:03 IST" name="loginTest" finished-at="2024-09-11T17:47:11 IST" duration-ms="7784" status="PASS">
          <reporter-output>
          </reporter-output>
        </test-method> <!-- loginTest -->
        <test-method is-config="true" signature="tearDown()[pri:0, instance:com.crm.qa.testdata.LoginPageTest@7adda9cc]" started-at="2024-09-11T17:47:11 IST" name="tearDown" finished-at="2024-09-11T17:47:11 IST" duration-ms="180" status="PASS">
          <reporter-output>
          </reporter-output>
        </test-method> <!-- tearDown -->
      </class> <!-- com.crm.qa.testdata.LoginPageTest -->
      <class name="com.crm.qa.testdata.ContactPageTest">
        <test-method is-config="true" signature="setUp()[pri:0, instance:com.crm.qa.testdata.ContactPageTest@2e4b8173]" started-at="2024-09-11T17:47:59 IST" name="setUp" finished-at="2024-09-11T17:48:11 IST" duration-ms="12274" status="PASS">
          <reporter-output>
          </reporter-output>
        </test-method> <!-- setUp -->
        <test-method signature="verifyEnterFirstName()[pri:1, instance:com.crm.qa.testdata.ContactPageTest@2e4b8173]" started-at="2024-09-11T17:48:11 IST" name="verifyEnterFirstName" finished-at="2024-09-11T17:48:12 IST" duration-ms="235" status="PASS">
          <reporter-output>
          </reporter-output>
        </test-method> <!-- verifyEnterFirstName -->
        <test-method is-config="true" signature="tearDown()[pri:0, instance:com.crm.qa.testdata.ContactPageTest@2e4b8173]" started-at="2024-09-11T17:48:12 IST" name="tearDown" finished-at="2024-09-11T17:48:12 IST" duration-ms="190" status="PASS">
          <reporter-output>
          </reporter-output>
        </test-method> <!-- tearDown -->
        <test-method is-config="true" signature="setUp()[pri:0, instance:com.crm.qa.testdata.ContactPageTest@2e4b8173]" started-at="2024-09-11T17:48:12 IST" name="setUp" finished-at="2024-09-11T17:48:23 IST" duration-ms="11244" status="PASS">
          <reporter-output>
          </reporter-output>
        </test-method> <!-- setUp -->
        <test-method signature="verifyEnterLastName()[pri:2, instance:com.crm.qa.testdata.ContactPageTest@2e4b8173]" started-at="2024-09-11T17:48:23 IST" name="verifyEnterLastName" finished-at="2024-09-11T17:48:23 IST" duration-ms="278" status="PASS">
          <reporter-output>
          </reporter-output>
        </test-method> <!-- verifyEnterLastName -->
        <test-method is-config="true" signature="tearDown()[pri:0, instance:com.crm.qa.testdata.ContactPageTest@2e4b8173]" started-at="2024-09-11T17:48:23 IST" name="tearDown" finished-at="2024-09-11T17:48:24 IST" duration-ms="183" status="PASS">
          <reporter-output>
          </reporter-output>
        </test-method> <!-- tearDown -->
        <test-method is-config="true" signature="setUp()[pri:0, instance:com.crm.qa.testdata.ContactPageTest@2e4b8173]" started-at="2024-09-11T17:48:24 IST" name="setUp" finished-at="2024-09-11T17:48:35 IST" duration-ms="11186" status="PASS">
          <reporter-output>
          </reporter-output>
        </test-method> <!-- setUp -->
        <test-method signature="verifyPhoneField()[pri:3, instance:com.crm.qa.testdata.ContactPageTest@2e4b8173]" started-at="2024-09-11T17:48:35 IST" name="verifyPhoneField" finished-at="2024-09-11T17:48:35 IST" duration-ms="172" status="PASS">
          <reporter-output>
          </reporter-output>
        </test-method> <!-- verifyPhoneField -->
        <test-method is-config="true" signature="tearDown()[pri:0, instance:com.crm.qa.testdata.ContactPageTest@2e4b8173]" started-at="2024-09-11T17:48:35 IST" name="tearDown" finished-at="2024-09-11T17:48:35 IST" duration-ms="242" status="PASS">
          <reporter-output>
          </reporter-output>
        </test-method> <!-- tearDown -->
      </class> <!-- com.crm.qa.testdata.ContactPageTest -->
    </test> <!-- Test -->
  </suite> <!-- Free CRM Application Test Automation -->
</testng-results>
