<?xml version="1.0" encoding="UTF-8"?>
<!-- Generated by org.testng.reporters.JUnitXMLReporter -->
<testsuite ignored="0" hostname="WorkPC" failures="0" tests="7" name="Test" time="104.742" errors="0" timestamp="2024-09-11T17:48:35 IST">
  <testcase classname="com.crm.qa.testdata.LoginPageTest" name="loginTest" time="7.784"/>
  <testcase classname="com.crm.qa.testdata.HomePageTest" name="verifyHomePageTitle" time="0.007"/>
  <testcase classname="com.crm.qa.testdata.HomePageTest" name="verifyUserName" time="2.072"/>
  <testcase classname="com.crm.qa.testdata.HomePageTest" name="verifyContactPageTest" time="2.033"/>
  <testcase classname="com.crm.qa.testdata.ContactPageTest" name="verifyEnterFirstName" time="0.235"/>
  <testcase classname="com.crm.qa.testdata.ContactPageTest" name="verifyEnterLastName" time="0.278"/>
  <testcase classname="com.crm.qa.testdata.ContactPageTest" name="verifyPhoneField" time="0.172"/>
</testsuite> <!-- Test -->
